<?xml version="1.0" encoding="UTF-8"?>
<TestRun id="7b803ceb-eff2-4841-8a0e-d7b16a70ec2d" name="Darkwolf@MSI 2016-12-24 02:51:18" runUser="MSI\Darkwolf" xmlns="http://microsoft.com/schemas/VisualStudio/TeamTest/2010">
  <TestSettings name="Local" id="4e7fb0d3-d890-4f62-a2ce-a051b82b97d3">
    <Description>These are default test settings for a local test run.</Description>
    <Deployment enabled="false" runDeploymentRoot="Darkwolf_MSI 2016-12-24 02_51_18">
      <DeploymentItem filename="C:\Users\Darkwolf\YandexDisk\Учеба\4 Курс\МиСЗКИ\Лабы\InfoSecurity\InfoSecurity\bin\Debug\InfoSecurity.dll" />
    </Deployment>
    <Execution>
      <TestTypeSpecific />
      <AgentRule name="Execution Agents">
      </AgentRule>
    </Execution>
  </TestSettings>
  <Times creation="2016-12-24T02:51:18.5911160+03:00" queuing="2016-12-24T02:51:18.6770695+03:00" start="2016-12-24T02:51:18.6830734+03:00" finish="2016-12-24T02:51:18.9822863+03:00" />
  <ResultSummary outcome="Failed">
    <Counters total="1" executed="1" error="0" failed="1" timeout="0" aborted="0" inconclusive="0" passedButRunAborted="0" notRunnable="0" notExecuted="0" disconnected="0" warning="0" passed="0" completed="0" inProgress="0" pending="0" />
  </ResultSummary>
  <TestDefinitions>
    <UnitTest name="TestRSASign" storage="c:\users\darkwolf\yandexdisk\учеба\4 курс\мисзки\лабы\infosecurity\test\bin\debug\test.dll" id="64be44a0-2aab-e1cf-4f9a-4ec06ad4c14e">
      <Execution id="63652403-bf0b-4ac6-8b94-03ad6bef7b3d" />
      <TestMethod codeBase="C:/Users/Darkwolf/YandexDisk/Учеба/4 Курс/МиСЗКИ/Лабы/InfoSecurity/Test/bin/Debug/Test.DLL" adapterTypeName="Microsoft.VisualStudio.TestTools.TestTypes.Unit.UnitTestAdapter, Microsoft.VisualStudio.QualityTools.Tips.UnitTest.Adapter, Version=10.0.0.0, Culture=neutral, PublicKeyToken=b03f5f7f11d50a3a" className="Test.RSASignTest, Test, Version=1.0.0.0, Culture=neutral, PublicKeyToken=null" name="TestRSASign" />
    </UnitTest>
  </TestDefinitions>
  <TestLists>
    <TestList name="Results Not in a List" id="8c84fa94-04c1-424b-9868-57a2d4851a1d" />
    <TestList name="All Loaded Results" id="19431567-8539-422a-85d7-44ee4e166bda" />
  </TestLists>
  <TestEntries>
    <TestEntry testId="64be44a0-2aab-e1cf-4f9a-4ec06ad4c14e" executionId="63652403-bf0b-4ac6-8b94-03ad6bef7b3d" testListId="8c84fa94-04c1-424b-9868-57a2d4851a1d" />
  </TestEntries>
  <Results>
    <UnitTestResult executionId="63652403-bf0b-4ac6-8b94-03ad6bef7b3d" testId="64be44a0-2aab-e1cf-4f9a-4ec06ad4c14e" testName="TestRSASign" computerName="MSI" duration="00:00:00.1137079" startTime="2016-12-24T02:51:18.6870766+03:00" endTime="2016-12-24T02:51:18.9702953+03:00" testType="13cdc9d9-ddb5-4fa4-a97d-d965ccfc6d4b" outcome="Failed" testListId="8c84fa94-04c1-424b-9868-57a2d4851a1d" relativeResultsDirectory="63652403-bf0b-4ac6-8b94-03ad6bef7b3d">
      <Output>
        <ErrorInfo>
          <Message>Test method Test.RSASignTest.TestRSASign threw exception: 
System.FormatException: Входная строка имела неверный формат.</Message>
          <StackTrace>    в System.Number.ParseDouble(String value, NumberStyles options, NumberFormatInfo numfmt)
   в System.Convert.ToDouble(String value)
   в InfoSecurity.RSA.RSADecrypt(List`1 input) в C:\Users\Darkwolf\YandexDisk\Учеба\4 Курс\МиСЗКИ\Лабы\InfoSecurity\InfoSecurity\ClassRSA.cs:строка 106
   в InfoSecurity.RSASign.Verify(Stream signStream) в C:\Users\Darkwolf\YandexDisk\Учеба\4 Курс\МиСЗКИ\Лабы\InfoSecurity\InfoSecurity\ClassRSASign.cs:строка 68
   в Test.RSASignTest.TestRSASign() в C:\Users\Darkwolf\YandexDisk\Учеба\4 Курс\МиСЗКИ\Лабы\InfoSecurity\Test\RSASignTest.cs:строка 31
</StackTrace>
        </ErrorInfo>
      </Output>
    </UnitTestResult>
  </Results>
</TestRun>