<?xml version="1.0" encoding="UTF-8"?>
<TestRun id="195c57ff-7842-4d3c-9a90-ff7d98cdf22b" name="Darkwolf@MSI 2016-12-24 16:56:50" runUser="MSI\Darkwolf" xmlns="http://microsoft.com/schemas/VisualStudio/TeamTest/2010">
  <TestSettings name="Local" id="4e7fb0d3-d890-4f62-a2ce-a051b82b97d3">
    <Description>These are default test settings for a local test run.</Description>
    <Deployment enabled="false" runDeploymentRoot="Darkwolf_MSI 2016-12-24 16_56_50">
      <DeploymentItem filename="C:\Users\Darkwolf\YandexDisk\Учеба\4 Курс\МиСЗКИ\Лабы\InfoSecurity\InfoSecurity\bin\Debug\InfoSecurity.dll" />
    </Deployment>
    <Execution>
      <TestTypeSpecific />
      <AgentRule name="Execution Agents">
      </AgentRule>
    </Execution>
  </TestSettings>
  <Times creation="2016-12-24T16:56:50.2414692+03:00" queuing="2016-12-24T16:56:50.2714902+03:00" start="2016-12-24T16:56:50.2794959+03:00" finish="2016-12-24T16:56:50.5136629+03:00" />
  <ResultSummary outcome="Completed">
    <Counters total="5" executed="5" passed="5" error="0" failed="0" timeout="0" aborted="0" inconclusive="0" passedButRunAborted="0" notRunnable="0" notExecuted="0" disconnected="0" warning="0" completed="0" inProgress="0" pending="0" />
  </ResultSummary>
  <TestDefinitions>
    <UnitTest name="TestEncodeBlock" storage="c:\users\darkwolf\yandexdisk\учеба\4 курс\мисзки\лабы\infosecurity\test\bin\debug\test.dll" id="5c6fe925-60d7-a6c4-2c88-d33468196b50">
      <Execution id="bf2be6b6-6fd2-4e83-835f-a7db15715635" />
      <TestMethod codeBase="C:/Users/Darkwolf/YandexDisk/Учеба/4 Курс/МиСЗКИ/Лабы/InfoSecurity/Test/bin/Debug/Test.DLL" adapterTypeName="Microsoft.VisualStudio.TestTools.TestTypes.Unit.UnitTestAdapter, Microsoft.VisualStudio.QualityTools.Tips.UnitTest.Adapter, Version=10.0.0.0, Culture=neutral, PublicKeyToken=b03f5f7f11d50a3a" className="Test.TestAES, Test, Version=1.0.0.0, Culture=neutral, PublicKeyToken=null" name="TestEncodeBlock" />
    </UnitTest>
    <UnitTest name="HashTest" storage="c:\users\darkwolf\yandexdisk\учеба\4 курс\мисзки\лабы\infosecurity\test\bin\debug\test.dll" id="091fc49d-703b-efa4-7d2a-a1ff1954ca62">
      <Execution id="c26fdf3f-c9e1-43e5-8833-21df74268d60" />
      <TestMethod codeBase="C:/Users/Darkwolf/YandexDisk/Учеба/4 Курс/МиСЗКИ/Лабы/InfoSecurity/Test/bin/Debug/Test.DLL" adapterTypeName="Microsoft.VisualStudio.TestTools.TestTypes.Unit.UnitTestAdapter, Microsoft.VisualStudio.QualityTools.Tips.UnitTest.Adapter, Version=10.0.0.0, Culture=neutral, PublicKeyToken=b03f5f7f11d50a3a" className="Test.TestMD5, Test, Version=1.0.0.0, Culture=neutral, PublicKeyToken=null" name="HashTest" />
    </UnitTest>
    <UnitTest name="TestDecodeBlock" storage="c:\users\darkwolf\yandexdisk\учеба\4 курс\мисзки\лабы\infosecurity\test\bin\debug\test.dll" id="d1b2d47d-423d-ce4b-8c80-52e1a4ba45a4">
      <Execution id="df66d75e-d499-4bdf-9b44-b892539377af" />
      <TestMethod codeBase="C:/Users/Darkwolf/YandexDisk/Учеба/4 Курс/МиСЗКИ/Лабы/InfoSecurity/Test/bin/Debug/Test.DLL" adapterTypeName="Microsoft.VisualStudio.TestTools.TestTypes.Unit.UnitTestAdapter, Microsoft.VisualStudio.QualityTools.Tips.UnitTest.Adapter, Version=10.0.0.0, Culture=neutral, PublicKeyToken=b03f5f7f11d50a3a" className="Test.TestAES, Test, Version=1.0.0.0, Culture=neutral, PublicKeyToken=null" name="TestDecodeBlock" />
    </UnitTest>
    <UnitTest name="TestRSA" storage="c:\users\darkwolf\yandexdisk\учеба\4 курс\мисзки\лабы\infosecurity\test\bin\debug\test.dll" id="23378396-9795-578a-4f90-5b401474a761">
      <Execution id="989fb9c7-c70c-46b3-90fd-41596eba2603" />
      <TestMethod codeBase="C:/Users/Darkwolf/YandexDisk/Учеба/4 Курс/МиСЗКИ/Лабы/InfoSecurity/Test/bin/Debug/Test.DLL" adapterTypeName="Microsoft.VisualStudio.TestTools.TestTypes.Unit.UnitTestAdapter, Microsoft.VisualStudio.QualityTools.Tips.UnitTest.Adapter, Version=10.0.0.0, Culture=neutral, PublicKeyToken=b03f5f7f11d50a3a" className="Test.RSATest, Test, Version=1.0.0.0, Culture=neutral, PublicKeyToken=null" name="TestRSA" />
    </UnitTest>
    <UnitTest name="TestRSASign" storage="c:\users\darkwolf\yandexdisk\учеба\4 курс\мисзки\лабы\infosecurity\test\bin\debug\test.dll" id="64be44a0-2aab-e1cf-4f9a-4ec06ad4c14e">
      <Execution id="ab7a2f42-3bde-40af-ab86-6b0944a9a638" />
      <TestMethod codeBase="C:/Users/Darkwolf/YandexDisk/Учеба/4 Курс/МиСЗКИ/Лабы/InfoSecurity/Test/bin/Debug/Test.DLL" adapterTypeName="Microsoft.VisualStudio.TestTools.TestTypes.Unit.UnitTestAdapter, Microsoft.VisualStudio.QualityTools.Tips.UnitTest.Adapter, Version=10.0.0.0, Culture=neutral, PublicKeyToken=b03f5f7f11d50a3a" className="Test.RSASignTest, Test, Version=1.0.0.0, Culture=neutral, PublicKeyToken=null" name="TestRSASign" />
    </UnitTest>
  </TestDefinitions>
  <TestLists>
    <TestList name="Results Not in a List" id="8c84fa94-04c1-424b-9868-57a2d4851a1d" />
    <TestList name="All Loaded Results" id="19431567-8539-422a-85d7-44ee4e166bda" />
  </TestLists>
  <TestEntries>
    <TestEntry testId="091fc49d-703b-efa4-7d2a-a1ff1954ca62" executionId="c26fdf3f-c9e1-43e5-8833-21df74268d60" testListId="8c84fa94-04c1-424b-9868-57a2d4851a1d" />
    <TestEntry testId="23378396-9795-578a-4f90-5b401474a761" executionId="989fb9c7-c70c-46b3-90fd-41596eba2603" testListId="8c84fa94-04c1-424b-9868-57a2d4851a1d" />
    <TestEntry testId="5c6fe925-60d7-a6c4-2c88-d33468196b50" executionId="bf2be6b6-6fd2-4e83-835f-a7db15715635" testListId="8c84fa94-04c1-424b-9868-57a2d4851a1d" />
    <TestEntry testId="64be44a0-2aab-e1cf-4f9a-4ec06ad4c14e" executionId="ab7a2f42-3bde-40af-ab86-6b0944a9a638" testListId="8c84fa94-04c1-424b-9868-57a2d4851a1d" />
    <TestEntry testId="d1b2d47d-423d-ce4b-8c80-52e1a4ba45a4" executionId="df66d75e-d499-4bdf-9b44-b892539377af" testListId="8c84fa94-04c1-424b-9868-57a2d4851a1d" />
  </TestEntries>
  <Results>
    <UnitTestResult executionId="c26fdf3f-c9e1-43e5-8833-21df74268d60" testId="091fc49d-703b-efa4-7d2a-a1ff1954ca62" testName="HashTest" computerName="MSI" duration="00:00:00.0130583" startTime="2016-12-24T16:56:50.2834988+03:00" endTime="2016-12-24T16:56:50.4706315+03:00" testType="13cdc9d9-ddb5-4fa4-a97d-d965ccfc6d4b" outcome="Passed" testListId="8c84fa94-04c1-424b-9868-57a2d4851a1d" relativeResultsDirectory="c26fdf3f-c9e1-43e5-8833-21df74268d60">
    </UnitTestResult>
    <UnitTestResult executionId="989fb9c7-c70c-46b3-90fd-41596eba2603" testId="23378396-9795-578a-4f90-5b401474a761" testName="TestRSA" computerName="MSI" duration="00:00:00.0044309" startTime="2016-12-24T16:56:50.4716326+03:00" endTime="2016-12-24T16:56:50.4786372+03:00" testType="13cdc9d9-ddb5-4fa4-a97d-d965ccfc6d4b" outcome="Passed" testListId="8c84fa94-04c1-424b-9868-57a2d4851a1d" relativeResultsDirectory="989fb9c7-c70c-46b3-90fd-41596eba2603">
    </UnitTestResult>
    <UnitTestResult executionId="bf2be6b6-6fd2-4e83-835f-a7db15715635" testId="5c6fe925-60d7-a6c4-2c88-d33468196b50" testName="TestEncodeBlock" computerName="MSI" duration="00:00:00.0031579" startTime="2016-12-24T16:56:50.4816405+03:00" endTime="2016-12-24T16:56:50.4876620+03:00" testType="13cdc9d9-ddb5-4fa4-a97d-d965ccfc6d4b" outcome="Passed" testListId="8c84fa94-04c1-424b-9868-57a2d4851a1d" relativeResultsDirectory="bf2be6b6-6fd2-4e83-835f-a7db15715635">
    </UnitTestResult>
    <UnitTestResult executionId="ab7a2f42-3bde-40af-ab86-6b0944a9a638" testId="64be44a0-2aab-e1cf-4f9a-4ec06ad4c14e" testName="TestRSASign" computerName="MSI" duration="00:00:00.0037444" startTime="2016-12-24T16:56:50.4896454+03:00" endTime="2016-12-24T16:56:50.4966508+03:00" testType="13cdc9d9-ddb5-4fa4-a97d-d965ccfc6d4b" outcome="Passed" testListId="8c84fa94-04c1-424b-9868-57a2d4851a1d" relativeResultsDirectory="ab7a2f42-3bde-40af-ab86-6b0944a9a638">
    </UnitTestResult>
    <UnitTestResult executionId="df66d75e-d499-4bdf-9b44-b892539377af" testId="d1b2d47d-423d-ce4b-8c80-52e1a4ba45a4" testName="TestDecodeBlock" computerName="MSI" duration="00:00:00.0017858" startTime="2016-12-24T16:56:50.4986518+03:00" endTime="2016-12-24T16:56:50.5036550+03:00" testType="13cdc9d9-ddb5-4fa4-a97d-d965ccfc6d4b" outcome="Passed" testListId="8c84fa94-04c1-424b-9868-57a2d4851a1d" relativeResultsDirectory="df66d75e-d499-4bdf-9b44-b892539377af">
    </UnitTestResult>
  </Results>
</TestRun>