<?xml version="1.0" encoding="UTF-8"?>
<TestRun id="dee4b554-eb3f-4e4f-993a-baa9b84ba79b" name="Darkwolf@MSI 2016-12-24 17:40:35" runUser="MSI\Darkwolf" xmlns="http://microsoft.com/schemas/VisualStudio/TeamTest/2010">
  <TestSettings name="Local" id="4e7fb0d3-d890-4f62-a2ce-a051b82b97d3">
    <Description>These are default test settings for a local test run.</Description>
    <Deployment enabled="false" runDeploymentRoot="Darkwolf_MSI 2016-12-24 17_40_35">
      <DeploymentItem filename="C:\Users\Darkwolf\YandexDisk\Учеба\4 Курс\МиСЗКИ\Лабы\InfoSecurity\InfoSecurity\bin\Debug\InfoSecurity.dll" />
    </Deployment>
    <Execution>
      <TestTypeSpecific />
      <AgentRule name="Execution Agents">
      </AgentRule>
    </Execution>
  </TestSettings>
  <Times creation="2016-12-24T17:40:35.8327133+03:00" queuing="2016-12-24T17:40:35.9401135+03:00" start="2016-12-24T17:40:35.9531224+03:00" finish="2016-12-24T17:40:36.2133071+03:00" />
  <ResultSummary outcome="Completed">
    <Counters total="5" executed="5" passed="5" error="0" failed="0" timeout="0" aborted="0" inconclusive="0" passedButRunAborted="0" notRunnable="0" notExecuted="0" disconnected="0" warning="0" completed="0" inProgress="0" pending="0" />
  </ResultSummary>
  <TestDefinitions>
    <UnitTest name="TestEncodeBlock" storage="c:\users\darkwolf\yandexdisk\учеба\4 курс\мисзки\лабы\infosecurity\test\bin\debug\test.dll" id="5c6fe925-60d7-a6c4-2c88-d33468196b50">
      <Execution id="e2334608-ca5a-4c6d-8fb2-053e74fbf72e" />
      <TestMethod codeBase="C:/Users/Darkwolf/YandexDisk/Учеба/4 Курс/МиСЗКИ/Лабы/InfoSecurity/Test/bin/Debug/Test.DLL" adapterTypeName="Microsoft.VisualStudio.TestTools.TestTypes.Unit.UnitTestAdapter, Microsoft.VisualStudio.QualityTools.Tips.UnitTest.Adapter, Version=10.0.0.0, Culture=neutral, PublicKeyToken=b03f5f7f11d50a3a" className="Test.TestAES, Test, Version=1.0.0.0, Culture=neutral, PublicKeyToken=null" name="TestEncodeBlock" />
    </UnitTest>
    <UnitTest name="HashTest" storage="c:\users\darkwolf\yandexdisk\учеба\4 курс\мисзки\лабы\infosecurity\test\bin\debug\test.dll" id="091fc49d-703b-efa4-7d2a-a1ff1954ca62">
      <Execution id="1daf4592-40ed-4c70-9a6f-a1ebd9485a34" />
      <TestMethod codeBase="C:/Users/Darkwolf/YandexDisk/Учеба/4 Курс/МиСЗКИ/Лабы/InfoSecurity/Test/bin/Debug/Test.DLL" adapterTypeName="Microsoft.VisualStudio.TestTools.TestTypes.Unit.UnitTestAdapter, Microsoft.VisualStudio.QualityTools.Tips.UnitTest.Adapter, Version=10.0.0.0, Culture=neutral, PublicKeyToken=b03f5f7f11d50a3a" className="Test.TestMD5, Test, Version=1.0.0.0, Culture=neutral, PublicKeyToken=null" name="HashTest" />
    </UnitTest>
    <UnitTest name="TestDecodeBlock" storage="c:\users\darkwolf\yandexdisk\учеба\4 курс\мисзки\лабы\infosecurity\test\bin\debug\test.dll" id="d1b2d47d-423d-ce4b-8c80-52e1a4ba45a4">
      <Execution id="03429d8f-f66d-4d79-b230-2c56a8f894c9" />
      <TestMethod codeBase="C:/Users/Darkwolf/YandexDisk/Учеба/4 Курс/МиСЗКИ/Лабы/InfoSecurity/Test/bin/Debug/Test.DLL" adapterTypeName="Microsoft.VisualStudio.TestTools.TestTypes.Unit.UnitTestAdapter, Microsoft.VisualStudio.QualityTools.Tips.UnitTest.Adapter, Version=10.0.0.0, Culture=neutral, PublicKeyToken=b03f5f7f11d50a3a" className="Test.TestAES, Test, Version=1.0.0.0, Culture=neutral, PublicKeyToken=null" name="TestDecodeBlock" />
    </UnitTest>
    <UnitTest name="TestRSA" storage="c:\users\darkwolf\yandexdisk\учеба\4 курс\мисзки\лабы\infosecurity\test\bin\debug\test.dll" id="23378396-9795-578a-4f90-5b401474a761">
      <Execution id="af894cb3-3ac3-4404-81d7-6e6c04ecebbe" />
      <TestMethod codeBase="C:/Users/Darkwolf/YandexDisk/Учеба/4 Курс/МиСЗКИ/Лабы/InfoSecurity/Test/bin/Debug/Test.DLL" adapterTypeName="Microsoft.VisualStudio.TestTools.TestTypes.Unit.UnitTestAdapter, Microsoft.VisualStudio.QualityTools.Tips.UnitTest.Adapter, Version=10.0.0.0, Culture=neutral, PublicKeyToken=b03f5f7f11d50a3a" className="Test.RSATest, Test, Version=1.0.0.0, Culture=neutral, PublicKeyToken=null" name="TestRSA" />
    </UnitTest>
    <UnitTest name="TestRSASign" storage="c:\users\darkwolf\yandexdisk\учеба\4 курс\мисзки\лабы\infosecurity\test\bin\debug\test.dll" id="64be44a0-2aab-e1cf-4f9a-4ec06ad4c14e">
      <Execution id="dff97f95-9043-4787-9978-17bd4f4ce12a" />
      <TestMethod codeBase="C:/Users/Darkwolf/YandexDisk/Учеба/4 Курс/МиСЗКИ/Лабы/InfoSecurity/Test/bin/Debug/Test.DLL" adapterTypeName="Microsoft.VisualStudio.TestTools.TestTypes.Unit.UnitTestAdapter, Microsoft.VisualStudio.QualityTools.Tips.UnitTest.Adapter, Version=10.0.0.0, Culture=neutral, PublicKeyToken=b03f5f7f11d50a3a" className="Test.RSASignTest, Test, Version=1.0.0.0, Culture=neutral, PublicKeyToken=null" name="TestRSASign" />
    </UnitTest>
  </TestDefinitions>
  <TestLists>
    <TestList name="Results Not in a List" id="8c84fa94-04c1-424b-9868-57a2d4851a1d" />
    <TestList name="All Loaded Results" id="19431567-8539-422a-85d7-44ee4e166bda" />
  </TestLists>
  <TestEntries>
    <TestEntry testId="091fc49d-703b-efa4-7d2a-a1ff1954ca62" executionId="1daf4592-40ed-4c70-9a6f-a1ebd9485a34" testListId="8c84fa94-04c1-424b-9868-57a2d4851a1d" />
    <TestEntry testId="23378396-9795-578a-4f90-5b401474a761" executionId="af894cb3-3ac3-4404-81d7-6e6c04ecebbe" testListId="8c84fa94-04c1-424b-9868-57a2d4851a1d" />
    <TestEntry testId="5c6fe925-60d7-a6c4-2c88-d33468196b50" executionId="e2334608-ca5a-4c6d-8fb2-053e74fbf72e" testListId="8c84fa94-04c1-424b-9868-57a2d4851a1d" />
    <TestEntry testId="64be44a0-2aab-e1cf-4f9a-4ec06ad4c14e" executionId="dff97f95-9043-4787-9978-17bd4f4ce12a" testListId="8c84fa94-04c1-424b-9868-57a2d4851a1d" />
    <TestEntry testId="d1b2d47d-423d-ce4b-8c80-52e1a4ba45a4" executionId="03429d8f-f66d-4d79-b230-2c56a8f894c9" testListId="8c84fa94-04c1-424b-9868-57a2d4851a1d" />
  </TestEntries>
  <Results>
    <UnitTestResult executionId="1daf4592-40ed-4c70-9a6f-a1ebd9485a34" testId="091fc49d-703b-efa4-7d2a-a1ff1954ca62" testName="HashTest" computerName="MSI" duration="00:00:00.0146389" startTime="2016-12-24T17:40:35.9581259+03:00" endTime="2016-12-24T17:40:36.1622704+03:00" testType="13cdc9d9-ddb5-4fa4-a97d-d965ccfc6d4b" outcome="Passed" testListId="8c84fa94-04c1-424b-9868-57a2d4851a1d" relativeResultsDirectory="1daf4592-40ed-4c70-9a6f-a1ebd9485a34">
    </UnitTestResult>
    <UnitTestResult executionId="af894cb3-3ac3-4404-81d7-6e6c04ecebbe" testId="23378396-9795-578a-4f90-5b401474a761" testName="TestRSA" computerName="MSI" duration="00:00:00.0044339" startTime="2016-12-24T17:40:36.1652729+03:00" endTime="2016-12-24T17:40:36.1732786+03:00" testType="13cdc9d9-ddb5-4fa4-a97d-d965ccfc6d4b" outcome="Passed" testListId="8c84fa94-04c1-424b-9868-57a2d4851a1d" relativeResultsDirectory="af894cb3-3ac3-4404-81d7-6e6c04ecebbe">
    </UnitTestResult>
    <UnitTestResult executionId="e2334608-ca5a-4c6d-8fb2-053e74fbf72e" testId="5c6fe925-60d7-a6c4-2c88-d33468196b50" testName="TestEncodeBlock" computerName="MSI" duration="00:00:00.0038294" startTime="2016-12-24T17:40:36.1762822+03:00" endTime="2016-12-24T17:40:36.1832861+03:00" testType="13cdc9d9-ddb5-4fa4-a97d-d965ccfc6d4b" outcome="Passed" testListId="8c84fa94-04c1-424b-9868-57a2d4851a1d" relativeResultsDirectory="e2334608-ca5a-4c6d-8fb2-053e74fbf72e">
    </UnitTestResult>
    <UnitTestResult executionId="dff97f95-9043-4787-9978-17bd4f4ce12a" testId="64be44a0-2aab-e1cf-4f9a-4ec06ad4c14e" testName="TestRSASign" computerName="MSI" duration="00:00:00.0051472" startTime="2016-12-24T17:40:36.1842868+03:00" endTime="2016-12-24T17:40:36.1922921+03:00" testType="13cdc9d9-ddb5-4fa4-a97d-d965ccfc6d4b" outcome="Passed" testListId="8c84fa94-04c1-424b-9868-57a2d4851a1d" relativeResultsDirectory="dff97f95-9043-4787-9978-17bd4f4ce12a">
    </UnitTestResult>
    <UnitTestResult executionId="03429d8f-f66d-4d79-b230-2c56a8f894c9" testId="d1b2d47d-423d-ce4b-8c80-52e1a4ba45a4" testName="TestDecodeBlock" computerName="MSI" duration="00:00:00.0019449" startTime="2016-12-24T17:40:36.1942943+03:00" endTime="2016-12-24T17:40:36.1992975+03:00" testType="13cdc9d9-ddb5-4fa4-a97d-d965ccfc6d4b" outcome="Passed" testListId="8c84fa94-04c1-424b-9868-57a2d4851a1d" relativeResultsDirectory="03429d8f-f66d-4d79-b230-2c56a8f894c9">
    </UnitTestResult>
  </Results>
</TestRun>