<?xml version="1.0" encoding="UTF-8"?>
<TestRun id="97a04fc9-e907-40fe-92b5-ba25903d3c22" name="Darkwolf@MSI 2016-12-24 03:03:43" runUser="MSI\Darkwolf" xmlns="http://microsoft.com/schemas/VisualStudio/TeamTest/2010">
  <TestSettings name="Local" id="4e7fb0d3-d890-4f62-a2ce-a051b82b97d3">
    <Description>These are default test settings for a local test run.</Description>
    <Deployment enabled="false" runDeploymentRoot="Darkwolf_MSI 2016-12-24 03_03_43">
      <DeploymentItem filename="C:\Users\Darkwolf\YandexDisk\Учеба\4 Курс\МиСЗКИ\Лабы\InfoSecurity\InfoSecurity\bin\Debug\InfoSecurity.dll" />
    </Deployment>
    <Execution>
      <TestTypeSpecific />
      <AgentRule name="Execution Agents">
      </AgentRule>
    </Execution>
  </TestSettings>
  <Times creation="2016-12-24T03:03:43.6134059+03:00" queuing="2016-12-24T03:03:43.6517170+03:00" start="2016-12-24T03:03:43.6607238+03:00" finish="2016-12-24T03:03:43.8578633+03:00" />
  <ResultSummary outcome="Completed">
    <Counters total="1" executed="1" passed="1" error="0" failed="0" timeout="0" aborted="0" inconclusive="0" passedButRunAborted="0" notRunnable="0" notExecuted="0" disconnected="0" warning="0" completed="0" inProgress="0" pending="0" />
  </ResultSummary>
  <TestDefinitions>
    <UnitTest name="HashTest" storage="c:\users\darkwolf\yandexdisk\учеба\4 курс\мисзки\лабы\infosecurity\test\bin\debug\test.dll" id="091fc49d-703b-efa4-7d2a-a1ff1954ca62">
      <Execution id="c07ee53f-8639-4a77-acf2-ea1add0e210f" />
      <TestMethod codeBase="C:/Users/Darkwolf/YandexDisk/Учеба/4 Курс/МиСЗКИ/Лабы/InfoSecurity/Test/bin/Debug/Test.DLL" adapterTypeName="Microsoft.VisualStudio.TestTools.TestTypes.Unit.UnitTestAdapter, Microsoft.VisualStudio.QualityTools.Tips.UnitTest.Adapter, Version=10.0.0.0, Culture=neutral, PublicKeyToken=b03f5f7f11d50a3a" className="Test.TestMD5, Test, Version=1.0.0.0, Culture=neutral, PublicKeyToken=null" name="HashTest" />
    </UnitTest>
  </TestDefinitions>
  <TestLists>
    <TestList name="Results Not in a List" id="8c84fa94-04c1-424b-9868-57a2d4851a1d" />
    <TestList name="All Loaded Results" id="19431567-8539-422a-85d7-44ee4e166bda" />
  </TestLists>
  <TestEntries>
    <TestEntry testId="091fc49d-703b-efa4-7d2a-a1ff1954ca62" executionId="c07ee53f-8639-4a77-acf2-ea1add0e210f" testListId="8c84fa94-04c1-424b-9868-57a2d4851a1d" />
  </TestEntries>
  <Results>
    <UnitTestResult executionId="c07ee53f-8639-4a77-acf2-ea1add0e210f" testId="091fc49d-703b-efa4-7d2a-a1ff1954ca62" testName="HashTest" computerName="MSI" duration="00:00:00.0130239" startTime="2016-12-24T03:03:43.6617238+03:00" endTime="2016-12-24T03:03:43.8448537+03:00" testType="13cdc9d9-ddb5-4fa4-a97d-d965ccfc6d4b" outcome="Passed" testListId="8c84fa94-04c1-424b-9868-57a2d4851a1d" relativeResultsDirectory="c07ee53f-8639-4a77-acf2-ea1add0e210f">
    </UnitTestResult>
  </Results>
</TestRun>