<?xml version="1.0" encoding="UTF-8"?>
<TestRun id="b8b3e969-ef63-420d-ab7e-ac2c544426a9" name="Darkwolf@MSI 2016-12-24 16:49:37" runUser="MSI\Darkwolf" xmlns="http://microsoft.com/schemas/VisualStudio/TeamTest/2010">
  <TestSettings name="Local" id="4e7fb0d3-d890-4f62-a2ce-a051b82b97d3">
    <Description>These are default test settings for a local test run.</Description>
    <Deployment enabled="false" runDeploymentRoot="Darkwolf_MSI 2016-12-24 16_49_37">
      <DeploymentItem filename="C:\Users\Darkwolf\YandexDisk\Учеба\4 Курс\МиСЗКИ\Лабы\InfoSecurity\InfoSecurity\bin\Debug\InfoSecurity.dll" />
    </Deployment>
    <Execution>
      <TestTypeSpecific />
      <AgentRule name="Execution Agents">
      </AgentRule>
    </Execution>
  </TestSettings>
  <Times creation="2016-12-24T16:49:37.7823899+03:00" queuing="2016-12-24T16:49:37.8370006+03:00" start="2016-12-24T16:49:37.8440063+03:00" finish="2016-12-24T16:49:38.0941831+03:00" />
  <ResultSummary outcome="Completed">
    <Counters total="5" executed="5" passed="5" error="0" failed="0" timeout="0" aborted="0" inconclusive="0" passedButRunAborted="0" notRunnable="0" notExecuted="0" disconnected="0" warning="0" completed="0" inProgress="0" pending="0" />
  </ResultSummary>
  <TestDefinitions>
    <UnitTest name="TestEncodeBlock" storage="c:\users\darkwolf\yandexdisk\учеба\4 курс\мисзки\лабы\infosecurity\test\bin\debug\test.dll" id="5c6fe925-60d7-a6c4-2c88-d33468196b50">
      <Execution id="d845a6b9-23e0-421b-81bb-25eb69ca5b3d" />
      <TestMethod codeBase="C:/Users/Darkwolf/YandexDisk/Учеба/4 Курс/МиСЗКИ/Лабы/InfoSecurity/Test/bin/Debug/Test.DLL" adapterTypeName="Microsoft.VisualStudio.TestTools.TestTypes.Unit.UnitTestAdapter, Microsoft.VisualStudio.QualityTools.Tips.UnitTest.Adapter, Version=10.0.0.0, Culture=neutral, PublicKeyToken=b03f5f7f11d50a3a" className="Test.TestAES, Test, Version=1.0.0.0, Culture=neutral, PublicKeyToken=null" name="TestEncodeBlock" />
    </UnitTest>
    <UnitTest name="HashTest" storage="c:\users\darkwolf\yandexdisk\учеба\4 курс\мисзки\лабы\infosecurity\test\bin\debug\test.dll" id="091fc49d-703b-efa4-7d2a-a1ff1954ca62">
      <Execution id="b5f48e66-c2e3-4bba-9c13-8e2eb5bd8d53" />
      <TestMethod codeBase="C:/Users/Darkwolf/YandexDisk/Учеба/4 Курс/МиСЗКИ/Лабы/InfoSecurity/Test/bin/Debug/Test.DLL" adapterTypeName="Microsoft.VisualStudio.TestTools.TestTypes.Unit.UnitTestAdapter, Microsoft.VisualStudio.QualityTools.Tips.UnitTest.Adapter, Version=10.0.0.0, Culture=neutral, PublicKeyToken=b03f5f7f11d50a3a" className="Test.TestMD5, Test, Version=1.0.0.0, Culture=neutral, PublicKeyToken=null" name="HashTest" />
    </UnitTest>
    <UnitTest name="TestDecodeBlock" storage="c:\users\darkwolf\yandexdisk\учеба\4 курс\мисзки\лабы\infosecurity\test\bin\debug\test.dll" id="d1b2d47d-423d-ce4b-8c80-52e1a4ba45a4">
      <Execution id="4f119870-4fd1-47d0-84e0-919cbf2e8cd6" />
      <TestMethod codeBase="C:/Users/Darkwolf/YandexDisk/Учеба/4 Курс/МиСЗКИ/Лабы/InfoSecurity/Test/bin/Debug/Test.DLL" adapterTypeName="Microsoft.VisualStudio.TestTools.TestTypes.Unit.UnitTestAdapter, Microsoft.VisualStudio.QualityTools.Tips.UnitTest.Adapter, Version=10.0.0.0, Culture=neutral, PublicKeyToken=b03f5f7f11d50a3a" className="Test.TestAES, Test, Version=1.0.0.0, Culture=neutral, PublicKeyToken=null" name="TestDecodeBlock" />
    </UnitTest>
    <UnitTest name="TestRSA" storage="c:\users\darkwolf\yandexdisk\учеба\4 курс\мисзки\лабы\infosecurity\test\bin\debug\test.dll" id="23378396-9795-578a-4f90-5b401474a761">
      <Execution id="691cf223-c988-47ca-be57-8992f6af29dc" />
      <TestMethod codeBase="C:/Users/Darkwolf/YandexDisk/Учеба/4 Курс/МиСЗКИ/Лабы/InfoSecurity/Test/bin/Debug/Test.DLL" adapterTypeName="Microsoft.VisualStudio.TestTools.TestTypes.Unit.UnitTestAdapter, Microsoft.VisualStudio.QualityTools.Tips.UnitTest.Adapter, Version=10.0.0.0, Culture=neutral, PublicKeyToken=b03f5f7f11d50a3a" className="Test.RSATest, Test, Version=1.0.0.0, Culture=neutral, PublicKeyToken=null" name="TestRSA" />
    </UnitTest>
    <UnitTest name="TestRSASign" storage="c:\users\darkwolf\yandexdisk\учеба\4 курс\мисзки\лабы\infosecurity\test\bin\debug\test.dll" id="64be44a0-2aab-e1cf-4f9a-4ec06ad4c14e">
      <Execution id="d5cc986a-8473-4d84-ac9d-80d8fa54dd90" />
      <TestMethod codeBase="C:/Users/Darkwolf/YandexDisk/Учеба/4 Курс/МиСЗКИ/Лабы/InfoSecurity/Test/bin/Debug/Test.DLL" adapterTypeName="Microsoft.VisualStudio.TestTools.TestTypes.Unit.UnitTestAdapter, Microsoft.VisualStudio.QualityTools.Tips.UnitTest.Adapter, Version=10.0.0.0, Culture=neutral, PublicKeyToken=b03f5f7f11d50a3a" className="Test.RSASignTest, Test, Version=1.0.0.0, Culture=neutral, PublicKeyToken=null" name="TestRSASign" />
    </UnitTest>
  </TestDefinitions>
  <TestLists>
    <TestList name="Results Not in a List" id="8c84fa94-04c1-424b-9868-57a2d4851a1d" />
    <TestList name="All Loaded Results" id="19431567-8539-422a-85d7-44ee4e166bda" />
  </TestLists>
  <TestEntries>
    <TestEntry testId="091fc49d-703b-efa4-7d2a-a1ff1954ca62" executionId="b5f48e66-c2e3-4bba-9c13-8e2eb5bd8d53" testListId="8c84fa94-04c1-424b-9868-57a2d4851a1d" />
    <TestEntry testId="23378396-9795-578a-4f90-5b401474a761" executionId="691cf223-c988-47ca-be57-8992f6af29dc" testListId="8c84fa94-04c1-424b-9868-57a2d4851a1d" />
    <TestEntry testId="5c6fe925-60d7-a6c4-2c88-d33468196b50" executionId="d845a6b9-23e0-421b-81bb-25eb69ca5b3d" testListId="8c84fa94-04c1-424b-9868-57a2d4851a1d" />
    <TestEntry testId="64be44a0-2aab-e1cf-4f9a-4ec06ad4c14e" executionId="d5cc986a-8473-4d84-ac9d-80d8fa54dd90" testListId="8c84fa94-04c1-424b-9868-57a2d4851a1d" />
    <TestEntry testId="d1b2d47d-423d-ce4b-8c80-52e1a4ba45a4" executionId="4f119870-4fd1-47d0-84e0-919cbf2e8cd6" testListId="8c84fa94-04c1-424b-9868-57a2d4851a1d" />
  </TestEntries>
  <Results>
    <UnitTestResult executionId="b5f48e66-c2e3-4bba-9c13-8e2eb5bd8d53" testId="091fc49d-703b-efa4-7d2a-a1ff1954ca62" testName="HashTest" computerName="MSI" duration="00:00:00.0126962" startTime="2016-12-24T16:49:37.8480080+03:00" endTime="2016-12-24T16:49:38.0461486+03:00" testType="13cdc9d9-ddb5-4fa4-a97d-d965ccfc6d4b" outcome="Passed" testListId="8c84fa94-04c1-424b-9868-57a2d4851a1d" relativeResultsDirectory="b5f48e66-c2e3-4bba-9c13-8e2eb5bd8d53">
    </UnitTestResult>
    <UnitTestResult executionId="691cf223-c988-47ca-be57-8992f6af29dc" testId="23378396-9795-578a-4f90-5b401474a761" testName="TestRSA" computerName="MSI" duration="00:00:00.0045131" startTime="2016-12-24T16:49:38.0471501+03:00" endTime="2016-12-24T16:49:38.0551569+03:00" testType="13cdc9d9-ddb5-4fa4-a97d-d965ccfc6d4b" outcome="Passed" testListId="8c84fa94-04c1-424b-9868-57a2d4851a1d" relativeResultsDirectory="691cf223-c988-47ca-be57-8992f6af29dc">
    </UnitTestResult>
    <UnitTestResult executionId="d845a6b9-23e0-421b-81bb-25eb69ca5b3d" testId="5c6fe925-60d7-a6c4-2c88-d33468196b50" testName="TestEncodeBlock" computerName="MSI" duration="00:00:00.0031637" startTime="2016-12-24T16:49:38.0571579+03:00" endTime="2016-12-24T16:49:38.0631611+03:00" testType="13cdc9d9-ddb5-4fa4-a97d-d965ccfc6d4b" outcome="Passed" testListId="8c84fa94-04c1-424b-9868-57a2d4851a1d" relativeResultsDirectory="d845a6b9-23e0-421b-81bb-25eb69ca5b3d">
    </UnitTestResult>
    <UnitTestResult executionId="d5cc986a-8473-4d84-ac9d-80d8fa54dd90" testId="64be44a0-2aab-e1cf-4f9a-4ec06ad4c14e" testName="TestRSASign" computerName="MSI" duration="00:00:00.0043866" startTime="2016-12-24T16:49:38.0651636+03:00" endTime="2016-12-24T16:49:38.0721671+03:00" testType="13cdc9d9-ddb5-4fa4-a97d-d965ccfc6d4b" outcome="Passed" testListId="8c84fa94-04c1-424b-9868-57a2d4851a1d" relativeResultsDirectory="d5cc986a-8473-4d84-ac9d-80d8fa54dd90">
    </UnitTestResult>
    <UnitTestResult executionId="4f119870-4fd1-47d0-84e0-919cbf2e8cd6" testId="d1b2d47d-423d-ce4b-8c80-52e1a4ba45a4" testName="TestDecodeBlock" computerName="MSI" duration="00:00:00.0016975" startTime="2016-12-24T16:49:38.0751704+03:00" endTime="2016-12-24T16:49:38.0811746+03:00" testType="13cdc9d9-ddb5-4fa4-a97d-d965ccfc6d4b" outcome="Passed" testListId="8c84fa94-04c1-424b-9868-57a2d4851a1d" relativeResultsDirectory="4f119870-4fd1-47d0-84e0-919cbf2e8cd6">
    </UnitTestResult>
  </Results>
</TestRun>