<?xml version="1.0" encoding="UTF-8"?>
<TestRun id="d11fb440-1adb-4c40-a95b-8eab4b5d9a3f" name="Darkwolf@MSI 2016-12-24 02:44:05" runUser="MSI\Darkwolf" xmlns="http://microsoft.com/schemas/VisualStudio/TeamTest/2010">
  <TestSettings name="Local" id="4e7fb0d3-d890-4f62-a2ce-a051b82b97d3">
    <Description>These are default test settings for a local test run.</Description>
    <Deployment enabled="false" runDeploymentRoot="Darkwolf_MSI 2016-12-24 02_44_05">
      <DeploymentItem filename="C:\Users\Darkwolf\YandexDisk\Учеба\4 Курс\МиСЗКИ\Лабы\InfoSecurity\InfoSecurity\bin\Debug\InfoSecurity.dll" />
    </Deployment>
    <Execution>
      <TestTypeSpecific />
      <AgentRule name="Execution Agents">
      </AgentRule>
    </Execution>
  </TestSettings>
  <Times creation="2016-12-24T02:44:05.4636730+03:00" queuing="2016-12-24T02:44:05.5582414+03:00" start="2016-12-24T02:44:05.5662463+03:00" finish="2016-12-24T02:44:05.7944086+03:00" />
  <ResultSummary outcome="Completed">
    <Counters total="3" executed="3" passed="3" error="0" failed="0" timeout="0" aborted="0" inconclusive="0" passedButRunAborted="0" notRunnable="0" notExecuted="0" disconnected="0" warning="0" completed="0" inProgress="0" pending="0" />
  </ResultSummary>
  <TestDefinitions>
    <UnitTest name="TestEncodeBlock" storage="c:\users\darkwolf\yandexdisk\учеба\4 курс\мисзки\лабы\infosecurity\test\bin\debug\test.dll" id="5c6fe925-60d7-a6c4-2c88-d33468196b50">
      <Execution id="a66e9d04-1327-43a3-bfb9-e3cca694b99b" />
      <TestMethod codeBase="C:/Users/Darkwolf/YandexDisk/Учеба/4 Курс/МиСЗКИ/Лабы/InfoSecurity/Test/bin/Debug/Test.DLL" adapterTypeName="Microsoft.VisualStudio.TestTools.TestTypes.Unit.UnitTestAdapter, Microsoft.VisualStudio.QualityTools.Tips.UnitTest.Adapter, Version=10.0.0.0, Culture=neutral, PublicKeyToken=b03f5f7f11d50a3a" className="Test.TestAES, Test, Version=1.0.0.0, Culture=neutral, PublicKeyToken=null" name="TestEncodeBlock" />
    </UnitTest>
    <UnitTest name="TestRSA" storage="c:\users\darkwolf\yandexdisk\учеба\4 курс\мисзки\лабы\infosecurity\test\bin\debug\test.dll" id="23378396-9795-578a-4f90-5b401474a761">
      <Execution id="e5b482b8-33fb-48b1-94ae-4da249411da7" />
      <TestMethod codeBase="C:/Users/Darkwolf/YandexDisk/Учеба/4 Курс/МиСЗКИ/Лабы/InfoSecurity/Test/bin/Debug/Test.DLL" adapterTypeName="Microsoft.VisualStudio.TestTools.TestTypes.Unit.UnitTestAdapter, Microsoft.VisualStudio.QualityTools.Tips.UnitTest.Adapter, Version=10.0.0.0, Culture=neutral, PublicKeyToken=b03f5f7f11d50a3a" className="Test.RSATest, Test, Version=1.0.0.0, Culture=neutral, PublicKeyToken=null" name="TestRSA" />
    </UnitTest>
    <UnitTest name="TestDecodeBlock" storage="c:\users\darkwolf\yandexdisk\учеба\4 курс\мисзки\лабы\infosecurity\test\bin\debug\test.dll" id="d1b2d47d-423d-ce4b-8c80-52e1a4ba45a4">
      <Execution id="e4742e7b-75ce-49b5-9f7c-4b301783299e" />
      <TestMethod codeBase="C:/Users/Darkwolf/YandexDisk/Учеба/4 Курс/МиСЗКИ/Лабы/InfoSecurity/Test/bin/Debug/Test.DLL" adapterTypeName="Microsoft.VisualStudio.TestTools.TestTypes.Unit.UnitTestAdapter, Microsoft.VisualStudio.QualityTools.Tips.UnitTest.Adapter, Version=10.0.0.0, Culture=neutral, PublicKeyToken=b03f5f7f11d50a3a" className="Test.TestAES, Test, Version=1.0.0.0, Culture=neutral, PublicKeyToken=null" name="TestDecodeBlock" />
    </UnitTest>
  </TestDefinitions>
  <TestLists>
    <TestList name="Results Not in a List" id="8c84fa94-04c1-424b-9868-57a2d4851a1d" />
    <TestList name="All Loaded Results" id="19431567-8539-422a-85d7-44ee4e166bda" />
  </TestLists>
  <TestEntries>
    <TestEntry testId="23378396-9795-578a-4f90-5b401474a761" executionId="e5b482b8-33fb-48b1-94ae-4da249411da7" testListId="8c84fa94-04c1-424b-9868-57a2d4851a1d" />
    <TestEntry testId="5c6fe925-60d7-a6c4-2c88-d33468196b50" executionId="a66e9d04-1327-43a3-bfb9-e3cca694b99b" testListId="8c84fa94-04c1-424b-9868-57a2d4851a1d" />
    <TestEntry testId="d1b2d47d-423d-ce4b-8c80-52e1a4ba45a4" executionId="e4742e7b-75ce-49b5-9f7c-4b301783299e" testListId="8c84fa94-04c1-424b-9868-57a2d4851a1d" />
  </TestEntries>
  <Results>
    <UnitTestResult executionId="e5b482b8-33fb-48b1-94ae-4da249411da7" testId="23378396-9795-578a-4f90-5b401474a761" testName="TestRSA" computerName="MSI" duration="00:00:00.0150638" startTime="2016-12-24T02:44:05.5702488+03:00" endTime="2016-12-24T02:44:05.7653880+03:00" testType="13cdc9d9-ddb5-4fa4-a97d-d965ccfc6d4b" outcome="Passed" testListId="8c84fa94-04c1-424b-9868-57a2d4851a1d" relativeResultsDirectory="e5b482b8-33fb-48b1-94ae-4da249411da7">
    </UnitTestResult>
    <UnitTestResult executionId="a66e9d04-1327-43a3-bfb9-e3cca694b99b" testId="5c6fe925-60d7-a6c4-2c88-d33468196b50" testName="TestEncodeBlock" computerName="MSI" duration="00:00:00.0036377" startTime="2016-12-24T02:44:05.7683905+03:00" endTime="2016-12-24T02:44:05.7763966+03:00" testType="13cdc9d9-ddb5-4fa4-a97d-d965ccfc6d4b" outcome="Passed" testListId="8c84fa94-04c1-424b-9868-57a2d4851a1d" relativeResultsDirectory="a66e9d04-1327-43a3-bfb9-e3cca694b99b">
    </UnitTestResult>
    <UnitTestResult executionId="e4742e7b-75ce-49b5-9f7c-4b301783299e" testId="d1b2d47d-423d-ce4b-8c80-52e1a4ba45a4" testName="TestDecodeBlock" computerName="MSI" duration="00:00:00.0017393" startTime="2016-12-24T02:44:05.7783973+03:00" endTime="2016-12-24T02:44:05.7834008+03:00" testType="13cdc9d9-ddb5-4fa4-a97d-d965ccfc6d4b" outcome="Passed" testListId="8c84fa94-04c1-424b-9868-57a2d4851a1d" relativeResultsDirectory="e4742e7b-75ce-49b5-9f7c-4b301783299e">
    </UnitTestResult>
  </Results>
</TestRun>