<?xml version="1.0" encoding="UTF-8"?>
<TestRun id="80ec221c-86ce-432a-9efb-04a6b47e6697" name="Darkwolf@MSI 2016-12-24 02:49:28" runUser="MSI\Darkwolf" xmlns="http://microsoft.com/schemas/VisualStudio/TeamTest/2010">
  <TestSettings name="Local" id="4e7fb0d3-d890-4f62-a2ce-a051b82b97d3">
    <Description>These are default test settings for a local test run.</Description>
    <Deployment enabled="false" runDeploymentRoot="Darkwolf_MSI 2016-12-24 02_49_28">
      <DeploymentItem filename="C:\Users\Darkwolf\YandexDisk\Учеба\4 Курс\МиСЗКИ\Лабы\InfoSecurity\InfoSecurity\bin\Debug\InfoSecurity.dll" />
    </Deployment>
    <Execution>
      <TestTypeSpecific />
      <AgentRule name="Execution Agents">
      </AgentRule>
    </Execution>
  </TestSettings>
  <Times creation="2016-12-24T02:49:28.1049761+03:00" queuing="2016-12-24T02:49:28.1971772+03:00" start="2016-12-24T02:49:28.2051825+03:00" finish="2016-12-24T02:49:28.4193349+03:00" />
  <ResultSummary outcome="Completed">
    <Counters total="1" executed="1" passed="1" error="0" failed="0" timeout="0" aborted="0" inconclusive="0" passedButRunAborted="0" notRunnable="0" notExecuted="0" disconnected="0" warning="0" completed="0" inProgress="0" pending="0" />
  </ResultSummary>
  <TestDefinitions>
    <UnitTest name="HashTest" storage="c:\users\darkwolf\yandexdisk\учеба\4 курс\мисзки\лабы\infosecurity\test\bin\debug\test.dll" id="091fc49d-703b-efa4-7d2a-a1ff1954ca62">
      <Execution id="8481433f-d082-4af0-8bd8-4504224e6e15" />
      <TestMethod codeBase="C:/Users/Darkwolf/YandexDisk/Учеба/4 Курс/МиСЗКИ/Лабы/InfoSecurity/Test/bin/Debug/Test.DLL" adapterTypeName="Microsoft.VisualStudio.TestTools.TestTypes.Unit.UnitTestAdapter, Microsoft.VisualStudio.QualityTools.Tips.UnitTest.Adapter, Version=10.0.0.0, Culture=neutral, PublicKeyToken=b03f5f7f11d50a3a" className="Test.TestMD5, Test, Version=1.0.0.0, Culture=neutral, PublicKeyToken=null" name="HashTest" />
    </UnitTest>
  </TestDefinitions>
  <TestLists>
    <TestList name="Results Not in a List" id="8c84fa94-04c1-424b-9868-57a2d4851a1d" />
    <TestList name="All Loaded Results" id="19431567-8539-422a-85d7-44ee4e166bda" />
  </TestLists>
  <TestEntries>
    <TestEntry testId="091fc49d-703b-efa4-7d2a-a1ff1954ca62" executionId="8481433f-d082-4af0-8bd8-4504224e6e15" testListId="8c84fa94-04c1-424b-9868-57a2d4851a1d" />
  </TestEntries>
  <Results>
    <UnitTestResult executionId="8481433f-d082-4af0-8bd8-4504224e6e15" testId="091fc49d-703b-efa4-7d2a-a1ff1954ca62" testName="HashTest" computerName="MSI" duration="00:00:00.0175898" startTime="2016-12-24T02:49:28.2091854+03:00" endTime="2016-12-24T02:49:28.4073256+03:00" testType="13cdc9d9-ddb5-4fa4-a97d-d965ccfc6d4b" outcome="Passed" testListId="8c84fa94-04c1-424b-9868-57a2d4851a1d" relativeResultsDirectory="8481433f-d082-4af0-8bd8-4504224e6e15">
    </UnitTestResult>
  </Results>
</TestRun>