<?xml version="1.0" encoding="UTF-8"?>
<TestRun id="88f92a27-d2da-4b7d-bda8-0932887fbe57" name="Darkwolf@MSI 2016-12-24 02:57:39" runUser="MSI\Darkwolf" xmlns="http://microsoft.com/schemas/VisualStudio/TeamTest/2010">
  <TestSettings name="Local" id="4e7fb0d3-d890-4f62-a2ce-a051b82b97d3">
    <Description>These are default test settings for a local test run.</Description>
    <Deployment enabled="false" runDeploymentRoot="Darkwolf_MSI 2016-12-24 02_57_39">
      <DeploymentItem filename="C:\Users\Darkwolf\YandexDisk\Учеба\4 Курс\МиСЗКИ\Лабы\InfoSecurity\InfoSecurity\bin\Debug\InfoSecurity.dll" />
    </Deployment>
    <Execution>
      <TestTypeSpecific />
      <AgentRule name="Execution Agents">
      </AgentRule>
    </Execution>
  </TestSettings>
  <Times creation="2016-12-24T02:57:39.9042021+03:00" queuing="2016-12-24T02:57:41.6560930+03:00" start="2016-12-24T02:57:41.7341478+03:00" finish="2016-12-24T02:57:42.7504829+03:00" />
  <ResultSummary outcome="Completed">
    <Counters total="5" executed="5" passed="5" error="0" failed="0" timeout="0" aborted="0" inconclusive="0" passedButRunAborted="0" notRunnable="0" notExecuted="0" disconnected="0" warning="0" completed="0" inProgress="0" pending="0" />
  </ResultSummary>
  <TestDefinitions>
    <UnitTest name="TestEncodeBlock" storage="c:\users\darkwolf\yandexdisk\учеба\4 курс\мисзки\лабы\infosecurity\test\bin\debug\test.dll" id="5c6fe925-60d7-a6c4-2c88-d33468196b50">
      <Execution id="86193919-6a2f-4388-8fec-8ee3ec07b054" />
      <TestMethod codeBase="C:/Users/Darkwolf/YandexDisk/Учеба/4 Курс/МиСЗКИ/Лабы/InfoSecurity/Test/bin/Debug/Test.DLL" adapterTypeName="Microsoft.VisualStudio.TestTools.TestTypes.Unit.UnitTestAdapter, Microsoft.VisualStudio.QualityTools.Tips.UnitTest.Adapter, Version=10.0.0.0, Culture=neutral, PublicKeyToken=b03f5f7f11d50a3a" className="Test.TestAES, Test, Version=1.0.0.0, Culture=neutral, PublicKeyToken=null" name="TestEncodeBlock" />
    </UnitTest>
    <UnitTest name="HashTest" storage="c:\users\darkwolf\yandexdisk\учеба\4 курс\мисзки\лабы\infosecurity\test\bin\debug\test.dll" id="091fc49d-703b-efa4-7d2a-a1ff1954ca62">
      <Execution id="83638c05-8b95-49a6-81f1-6d42003eefb4" />
      <TestMethod codeBase="C:/Users/Darkwolf/YandexDisk/Учеба/4 Курс/МиСЗКИ/Лабы/InfoSecurity/Test/bin/Debug/Test.DLL" adapterTypeName="Microsoft.VisualStudio.TestTools.TestTypes.Unit.UnitTestAdapter, Microsoft.VisualStudio.QualityTools.Tips.UnitTest.Adapter, Version=10.0.0.0, Culture=neutral, PublicKeyToken=b03f5f7f11d50a3a" className="Test.TestMD5, Test, Version=1.0.0.0, Culture=neutral, PublicKeyToken=null" name="HashTest" />
    </UnitTest>
    <UnitTest name="TestDecodeBlock" storage="c:\users\darkwolf\yandexdisk\учеба\4 курс\мисзки\лабы\infosecurity\test\bin\debug\test.dll" id="d1b2d47d-423d-ce4b-8c80-52e1a4ba45a4">
      <Execution id="ebfd4d39-169f-49fc-80c6-a873b05e13b3" />
      <TestMethod codeBase="C:/Users/Darkwolf/YandexDisk/Учеба/4 Курс/МиСЗКИ/Лабы/InfoSecurity/Test/bin/Debug/Test.DLL" adapterTypeName="Microsoft.VisualStudio.TestTools.TestTypes.Unit.UnitTestAdapter, Microsoft.VisualStudio.QualityTools.Tips.UnitTest.Adapter, Version=10.0.0.0, Culture=neutral, PublicKeyToken=b03f5f7f11d50a3a" className="Test.TestAES, Test, Version=1.0.0.0, Culture=neutral, PublicKeyToken=null" name="TestDecodeBlock" />
    </UnitTest>
    <UnitTest name="TestRSA" storage="c:\users\darkwolf\yandexdisk\учеба\4 курс\мисзки\лабы\infosecurity\test\bin\debug\test.dll" id="23378396-9795-578a-4f90-5b401474a761">
      <Execution id="23f3c38e-df2e-4200-bc4a-22503ea8aad4" />
      <TestMethod codeBase="C:/Users/Darkwolf/YandexDisk/Учеба/4 Курс/МиСЗКИ/Лабы/InfoSecurity/Test/bin/Debug/Test.DLL" adapterTypeName="Microsoft.VisualStudio.TestTools.TestTypes.Unit.UnitTestAdapter, Microsoft.VisualStudio.QualityTools.Tips.UnitTest.Adapter, Version=10.0.0.0, Culture=neutral, PublicKeyToken=b03f5f7f11d50a3a" className="Test.RSATest, Test, Version=1.0.0.0, Culture=neutral, PublicKeyToken=null" name="TestRSA" />
    </UnitTest>
    <UnitTest name="TestRSASign" storage="c:\users\darkwolf\yandexdisk\учеба\4 курс\мисзки\лабы\infosecurity\test\bin\debug\test.dll" id="64be44a0-2aab-e1cf-4f9a-4ec06ad4c14e">
      <Execution id="388fc5a0-4ad9-4d79-918b-bebea1fe2f39" />
      <TestMethod codeBase="C:/Users/Darkwolf/YandexDisk/Учеба/4 Курс/МиСЗКИ/Лабы/InfoSecurity/Test/bin/Debug/Test.DLL" adapterTypeName="Microsoft.VisualStudio.TestTools.TestTypes.Unit.UnitTestAdapter, Microsoft.VisualStudio.QualityTools.Tips.UnitTest.Adapter, Version=10.0.0.0, Culture=neutral, PublicKeyToken=b03f5f7f11d50a3a" className="Test.RSASignTest, Test, Version=1.0.0.0, Culture=neutral, PublicKeyToken=null" name="TestRSASign" />
    </UnitTest>
  </TestDefinitions>
  <TestLists>
    <TestList name="Results Not in a List" id="8c84fa94-04c1-424b-9868-57a2d4851a1d" />
    <TestList name="All Loaded Results" id="19431567-8539-422a-85d7-44ee4e166bda" />
  </TestLists>
  <TestEntries>
    <TestEntry testId="091fc49d-703b-efa4-7d2a-a1ff1954ca62" executionId="83638c05-8b95-49a6-81f1-6d42003eefb4" testListId="8c84fa94-04c1-424b-9868-57a2d4851a1d" />
    <TestEntry testId="23378396-9795-578a-4f90-5b401474a761" executionId="23f3c38e-df2e-4200-bc4a-22503ea8aad4" testListId="8c84fa94-04c1-424b-9868-57a2d4851a1d" />
    <TestEntry testId="5c6fe925-60d7-a6c4-2c88-d33468196b50" executionId="86193919-6a2f-4388-8fec-8ee3ec07b054" testListId="8c84fa94-04c1-424b-9868-57a2d4851a1d" />
    <TestEntry testId="64be44a0-2aab-e1cf-4f9a-4ec06ad4c14e" executionId="388fc5a0-4ad9-4d79-918b-bebea1fe2f39" testListId="8c84fa94-04c1-424b-9868-57a2d4851a1d" />
    <TestEntry testId="d1b2d47d-423d-ce4b-8c80-52e1a4ba45a4" executionId="ebfd4d39-169f-49fc-80c6-a873b05e13b3" testListId="8c84fa94-04c1-424b-9868-57a2d4851a1d" />
  </TestEntries>
  <Results>
    <UnitTestResult executionId="83638c05-8b95-49a6-81f1-6d42003eefb4" testId="091fc49d-703b-efa4-7d2a-a1ff1954ca62" testName="HashTest" computerName="MSI" duration="00:00:00.0163665" startTime="2016-12-24T02:57:41.8071994+03:00" endTime="2016-12-24T02:57:42.2110208+03:00" testType="13cdc9d9-ddb5-4fa4-a97d-d965ccfc6d4b" outcome="Passed" testListId="8c84fa94-04c1-424b-9868-57a2d4851a1d" relativeResultsDirectory="83638c05-8b95-49a6-81f1-6d42003eefb4">
    </UnitTestResult>
    <UnitTestResult executionId="23f3c38e-df2e-4200-bc4a-22503ea8aad4" testId="23378396-9795-578a-4f90-5b401474a761" testName="TestRSA" computerName="MSI" duration="00:00:00.0091211" startTime="2016-12-24T02:57:42.2180268+03:00" endTime="2016-12-24T02:57:42.2320544+03:00" testType="13cdc9d9-ddb5-4fa4-a97d-d965ccfc6d4b" outcome="Passed" testListId="8c84fa94-04c1-424b-9868-57a2d4851a1d" relativeResultsDirectory="23f3c38e-df2e-4200-bc4a-22503ea8aad4">
    </UnitTestResult>
    <UnitTestResult executionId="86193919-6a2f-4388-8fec-8ee3ec07b054" testId="5c6fe925-60d7-a6c4-2c88-d33468196b50" testName="TestEncodeBlock" computerName="MSI" duration="00:00:00.0030076" startTime="2016-12-24T02:57:42.2571338+03:00" endTime="2016-12-24T02:57:42.2631366+03:00" testType="13cdc9d9-ddb5-4fa4-a97d-d965ccfc6d4b" outcome="Passed" testListId="8c84fa94-04c1-424b-9868-57a2d4851a1d" relativeResultsDirectory="86193919-6a2f-4388-8fec-8ee3ec07b054">
    </UnitTestResult>
    <UnitTestResult executionId="388fc5a0-4ad9-4d79-918b-bebea1fe2f39" testId="64be44a0-2aab-e1cf-4f9a-4ec06ad4c14e" testName="TestRSASign" computerName="MSI" duration="00:00:00.3965546" startTime="2016-12-24T02:57:42.2691409+03:00" endTime="2016-12-24T02:57:42.6694245+03:00" testType="13cdc9d9-ddb5-4fa4-a97d-d965ccfc6d4b" outcome="Passed" testListId="8c84fa94-04c1-424b-9868-57a2d4851a1d" relativeResultsDirectory="388fc5a0-4ad9-4d79-918b-bebea1fe2f39">
    </UnitTestResult>
    <UnitTestResult executionId="ebfd4d39-169f-49fc-80c6-a873b05e13b3" testId="d1b2d47d-423d-ce4b-8c80-52e1a4ba45a4" testName="TestDecodeBlock" computerName="MSI" duration="00:00:00.0015138" startTime="2016-12-24T02:57:42.6824345+03:00" endTime="2016-12-24T02:57:42.6874388+03:00" testType="13cdc9d9-ddb5-4fa4-a97d-d965ccfc6d4b" outcome="Passed" testListId="8c84fa94-04c1-424b-9868-57a2d4851a1d" relativeResultsDirectory="ebfd4d39-169f-49fc-80c6-a873b05e13b3">
    </UnitTestResult>
  </Results>
</TestRun>